Content-Type: multipart/alternative;
 boundary="===============4435617642327850549=="
MIME-Version: 1.0
Subject: Profile activation
From: test@example.com
To: ayush.work113@gmail.com
Date: Sun, 21 Oct 2018 12:56:54 -0000
Message-ID: 
 <154012661425.4247.17693309773616142010@Ayushs-MacBook-Air-2.local>

--===============4435617642327850549==
Content-Type: text/plain; charset="utf-8"
MIME-Version: 1.0
Content-Transfer-Encoding: 7bit



To activate your profile, please follow this link:

http://127.0.0.1:9000/accounts/activate/LNDDzeq8cURGBUyr7MWi/

--===============4435617642327850549==
Content-Type: text/html; charset="utf-8"
MIME-Version: 1.0
Content-Transfer-Encoding: 7bit



<!DOCTYPE html PUBLIC "-//W3C//DTD XHTML 1.0 Transitional//EN"
        "http://www.w3.org/TR/xhtml1/DTD/xhtml1-transitional.dtd">
<html xmlns="http://www.w3.org/1999/xhtml">
<head>
    <meta http-equiv="Content-Type" content="text/html; charset=UTF-8"/>
    <title>Profile activation</title>
    <meta name="viewport" content="width=device-width, initial-scale=1.0"/>
</head>

<body>

<p>
    To activate your profile, please follow this link:
</p>

<p>
    <a href="http://127.0.0.1:9000/accounts/activate/LNDDzeq8cURGBUyr7MWi/">http://127.0.0.1:9000/accounts/activate/LNDDzeq8cURGBUyr7MWi/</a>
</p>

</body>

</html>

--===============4435617642327850549==--

-------------------------------------------------------------------------------
